2021-06-18 13:15:54 0 [Note] InnoDB: Mutexes and rw_locks use Windows interlocked functions
2021-06-18 13:15:54 0 [Note] InnoDB: Uses event mutexes
2021-06-18 13:15:54 0 [Note] InnoDB: Compressed tables use zlib 1.2.11
2021-06-18 13:15:54 0 [Note] InnoDB: Number of pools: 1
2021-06-18 13:15:54 0 [Note] InnoDB: Using SSE2 crc32 instructions
2021-06-18 13:15:54 0 [Note] InnoDB: Initializing buffer pool, total size = 16M, instances = 1, chunk size = 16M
2021-06-18 13:15:54 0 [Note] InnoDB: Completed initialization of buffer pool
2021-06-18 13:15:54 0 [Note] InnoDB: Starting crash recovery from checkpoint LSN=300288
2021-06-18 13:15:54 0 [Note] InnoDB: 128 out of 128 rollback segments are active.
2021-06-18 13:15:54 0 [Note] InnoDB: Removed temporary tablespace data file: "ibtmp1"
2021-06-18 13:15:54 0 [Note] InnoDB: Creating shared tablespace for temporary tables
2021-06-18 13:15:54 0 [Note] InnoDB: Setting file 'C:\xampp\mysql\data\ibtmp1' size to 12 MB. Physically writing the file full; Please wait ...
2021-06-18 13:15:54 0 [Note] InnoDB: File 'C:\xampp\mysql\data\ibtmp1' size is now 12 MB.
2021-06-18 13:15:54 0 [Note] InnoDB: 10.4.19 started; log sequence number 300297; transaction id 170
2021-06-18 13:15:54 0 [Note] InnoDB: Loading buffer pool(s) from C:\xampp\mysql\data\ib_buffer_pool
2021-06-18 13:15:54 0 [Note] Plugin 'FEEDBACK' is disabled.
2021-06-18 13:15:54 0 [Note] InnoDB: Buffer pool(s) load completed at 210618 13:15:54
2021-06-18 13:15:54 0 [Note] Server socket created on IP: '::'.
2021-06-18 13:43:53 0 [Note] InnoDB: Mutexes and rw_locks use Windows interlocked functions
2021-06-18 13:43:53 0 [Note] InnoDB: Uses event mutexes
2021-06-18 13:43:53 0 [Note] InnoDB: Compressed tables use zlib 1.2.11
2021-06-18 13:43:53 0 [Note] InnoDB: Number of pools: 1
2021-06-18 13:43:53 0 [Note] InnoDB: Using SSE2 crc32 instructions
2021-06-18 13:43:53 0 [Note] InnoDB: Initializing buffer pool, total size = 16M, instances = 1, chunk size = 16M
2021-06-18 13:43:53 0 [Note] InnoDB: Completed initialization of buffer pool
2021-06-18 13:43:53 0 [Note] InnoDB: Starting crash recovery from checkpoint LSN=300990
2021-06-18 13:43:53 0 [Note] InnoDB: 128 out of 128 rollback segments are active.
2021-06-18 13:43:53 0 [Note] InnoDB: Removed temporary tablespace data file: "ibtmp1"
2021-06-18 13:43:53 0 [Note] InnoDB: Creating shared tablespace for temporary tables
2021-06-18 13:43:53 0 [Note] InnoDB: Setting file 'C:\xampp\mysql\data\ibtmp1' size to 12 MB. Physically writing the file full; Please wait ...
2021-06-18 13:43:53 0 [Note] InnoDB: File 'C:\xampp\mysql\data\ibtmp1' size is now 12 MB.
2021-06-18 13:43:53 0 [Note] InnoDB: Waiting for purge to start
2021-06-18 13:43:53 0 [Note] InnoDB: 10.4.19 started; log sequence number 300999; transaction id 195
2021-06-18 13:43:53 0 [Note] InnoDB: Loading buffer pool(s) from C:\xampp\mysql\data\ib_buffer_pool
2021-06-18 13:43:53 0 [Note] Plugin 'FEEDBACK' is disabled.
2021-06-18 13:43:53 0 [Note] InnoDB: Buffer pool(s) load completed at 210618 13:43:53
2021-06-18 13:43:53 0 [Note] Server socket created on IP: '::'.
2021-06-18 13:49:34 0 [Note] InnoDB: Mutexes and rw_locks use Windows interlocked functions
2021-06-18 13:49:34 0 [Note] InnoDB: Uses event mutexes
2021-06-18 13:49:34 0 [Note] InnoDB: Compressed tables use zlib 1.2.11
2021-06-18 13:49:34 0 [Note] InnoDB: Number of pools: 1
2021-06-18 13:49:34 0 [Note] InnoDB: Using SSE2 crc32 instructions
2021-06-18 13:49:34 0 [Note] InnoDB: Initializing buffer pool, total size = 16M, instances = 1, chunk size = 16M
2021-06-18 13:49:34 0 [Note] InnoDB: Completed initialization of buffer pool
2021-06-18 13:49:34 0 [Note] InnoDB: Starting crash recovery from checkpoint LSN=301008
2021-06-18 13:49:34 0 [Note] InnoDB: Starting final batch to recover 1 pages from redo log.
2021-06-18 13:49:35 0 [Note] InnoDB: 128 out of 128 rollback segments are active.
2021-06-18 13:49:35 0 [Note] InnoDB: Removed temporary tablespace data file: "ibtmp1"
2021-06-18 13:49:35 0 [Note] InnoDB: Creating shared tablespace for temporary tables
2021-06-18 13:49:35 0 [Note] InnoDB: Setting file 'C:\xampp\mysql\data\ibtmp1' size to 12 MB. Physically writing the file full; Please wait ...
2021-06-18 13:49:35 0 [Note] InnoDB: File 'C:\xampp\mysql\data\ibtmp1' size is now 12 MB.
2021-06-18 13:49:35 0 [Note] InnoDB: Waiting for purge to start
2021-06-18 13:49:35 0 [Note] InnoDB: 10.4.19 started; log sequence number 301294; transaction id 218
2021-06-18 13:49:35 0 [Note] InnoDB: Loading buffer pool(s) from C:\xampp\mysql\data\ib_buffer_pool
2021-06-18 13:49:35 0 [Note] Plugin 'FEEDBACK' is disabled.
2021-06-18 13:49:35 0 [Note] Server socket created on IP: '::'.
2021-06-18 14:49:07 0 [Note] InnoDB: Mutexes and rw_locks use Windows interlocked functions
2021-06-18 14:49:07 0 [Note] InnoDB: Uses event mutexes
2021-06-18 14:49:07 0 [Note] InnoDB: Compressed tables use zlib 1.2.11
2021-06-18 14:49:07 0 [Note] InnoDB: Number of pools: 1
2021-06-18 14:49:07 0 [Note] InnoDB: Using SSE2 crc32 instructions
2021-06-18 14:49:07 0 [Note] InnoDB: Initializing buffer pool, total size = 16M, instances = 1, chunk size = 16M
2021-06-18 14:49:07 0 [Note] InnoDB: Completed initialization of buffer pool
2021-06-18 14:49:07 0 [Note] InnoDB: Starting crash recovery from checkpoint LSN=1241738
2021-06-18 14:49:07 0 [Note] InnoDB: 128 out of 128 rollback segments are active.
2021-06-18 14:49:07 0 [Note] InnoDB: Removed temporary tablespace data file: "ibtmp1"
2021-06-18 14:49:07 0 [Note] InnoDB: Creating shared tablespace for temporary tables
2021-06-18 14:49:07 0 [Note] InnoDB: Setting file 'C:\xampp\mysql\data\ibtmp1' size to 12 MB. Physically writing the file full; Please wait ...
2021-06-18 14:49:07 0 [Note] InnoDB: File 'C:\xampp\mysql\data\ibtmp1' size is now 12 MB.
2021-06-18 14:49:07 0 [Note] InnoDB: Waiting for purge to start
2021-06-18 14:49:07 0 [Note] InnoDB: 10.4.19 started; log sequence number 1241747; transaction id 625
2021-06-18 14:49:07 0 [Note] InnoDB: Loading buffer pool(s) from C:\xampp\mysql\data\ib_buffer_pool
2021-06-18 14:49:07 0 [Note] Plugin 'FEEDBACK' is disabled.
2021-06-18 14:49:07 0 [Note] Server socket created on IP: '::'.
2021-06-19  9:52:04 0 [Note] InnoDB: Mutexes and rw_locks use Windows interlocked functions
2021-06-19  9:52:04 0 [Note] InnoDB: Uses event mutexes
2021-06-19  9:52:04 0 [Note] InnoDB: Compressed tables use zlib 1.2.11
2021-06-19  9:52:04 0 [Note] InnoDB: Number of pools: 1
2021-06-19  9:52:04 0 [Note] InnoDB: Using SSE2 crc32 instructions
2021-06-19  9:52:04 0 [Note] InnoDB: Initializing buffer pool, total size = 16M, instances = 1, chunk size = 16M
2021-06-19  9:52:04 0 [Note] InnoDB: Completed initialization of buffer pool
2021-06-19  9:52:04 0 [Note] InnoDB: Starting crash recovery from checkpoint LSN=1241756
2021-06-19  9:52:05 0 [Note] InnoDB: 128 out of 128 rollback segments are active.
2021-06-19  9:52:05 0 [Note] InnoDB: Removed temporary tablespace data file: "ibtmp1"
2021-06-19  9:52:05 0 [Note] InnoDB: Creating shared tablespace for temporary tables
2021-06-19  9:52:05 0 [Note] InnoDB: Setting file 'C:\xampp\mysql\data\ibtmp1' size to 12 MB. Physically writing the file full; Please wait ...
2021-06-19  9:52:05 0 [Note] InnoDB: File 'C:\xampp\mysql\data\ibtmp1' size is now 12 MB.
2021-06-19  9:52:05 0 [Note] InnoDB: Waiting for purge to start
2021-06-19  9:52:05 0 [Note] InnoDB: 10.4.19 started; log sequence number 1241765; transaction id 625
2021-06-19  9:52:05 0 [Note] InnoDB: Loading buffer pool(s) from C:\xampp\mysql\data\ib_buffer_pool
2021-06-19  9:52:05 0 [Note] Plugin 'FEEDBACK' is disabled.
2021-06-19  9:52:05 0 [Note] InnoDB: Buffer pool(s) load completed at 210619  9:52:05
2021-06-19  9:52:05 0 [Note] Server socket created on IP: '::'.
2021-06-20 17:35:59 0 [Note] InnoDB: Mutexes and rw_locks use Windows interlocked functions
2021-06-20 17:35:59 0 [Note] InnoDB: Uses event mutexes
2021-06-20 17:35:59 0 [Note] InnoDB: Compressed tables use zlib 1.2.11
2021-06-20 17:35:59 0 [Note] InnoDB: Number of pools: 1
2021-06-20 17:35:59 0 [Note] InnoDB: Using SSE2 crc32 instructions
2021-06-20 17:35:59 0 [Note] InnoDB: Initializing buffer pool, total size = 16M, instances = 1, chunk size = 16M
2021-06-20 17:35:59 0 [Note] InnoDB: Completed initialization of buffer pool
2021-06-20 17:36:00 0 [Note] InnoDB: Starting crash recovery from checkpoint LSN=1253240
2021-06-20 17:36:00 0 [Note] InnoDB: 128 out of 128 rollback segments are active.
2021-06-20 17:36:00 0 [Note] InnoDB: Removed temporary tablespace data file: "ibtmp1"
2021-06-20 17:36:00 0 [Note] InnoDB: Creating shared tablespace for temporary tables
2021-06-20 17:36:00 0 [Note] InnoDB: Setting file 'C:\xampp\mysql\data\ibtmp1' size to 12 MB. Physically writing the file full; Please wait ...
2021-06-20 17:36:00 0 [Note] InnoDB: File 'C:\xampp\mysql\data\ibtmp1' size is now 12 MB.
2021-06-20 17:36:00 0 [Note] InnoDB: Waiting for purge to start
2021-06-20 17:36:00 0 [Note] InnoDB: 10.4.19 started; log sequence number 1253249; transaction id 693
2021-06-20 17:36:00 0 [Note] InnoDB: Loading buffer pool(s) from C:\xampp\mysql\data\ib_buffer_pool
2021-06-20 17:36:00 0 [Note] Plugin 'FEEDBACK' is disabled.
2021-06-20 17:36:00 0 [Note] InnoDB: Buffer pool(s) load completed at 210620 17:36:00
2021-06-20 17:36:00 0 [Note] Server socket created on IP: '::'.
